<?xml version="1.0" encoding="UTF-8"?>
<testsuite xmlns:xsi="http://www.w3.org/2001/XMLSchema-instance" xsi:noNamespaceSchemaLocation="https://maven.apache.org/surefire/maven-surefire-plugin/xsd/surefire-test-report.xsd" name="com.chen.HospitalSelection.controller.UserControllerTest" time="9.931" tests="7" errors="0" skipped="0" failures="4">
  <properties>
[...]
</properties>
  <testcase name="testLogin_Success" classname="com.chen.HospitalSelection.controller.UserControllerTest" time="0.593"/>
  <testcase name="testUpdatePassword_Success" classname="com.chen.HospitalSelection.controller.UserControllerTest" time="0.099">
    <failure message="Status expected:&lt;200&gt; but was:&lt;403&gt;" type="java.lang.AssertionError"><![CDATA[java.lang.AssertionError: Status expected:<200> but was:<403>
	at com.chen.HospitalSelection.controller.UserControllerTest.testUpdatePassword_Success(UserControllerTest.java:146)
]]></failure>
    <system-out><![CDATA[2026-01-31 21:09:36 [main] DEBUG o.s.security.web.FilterChainProxy - Securing PUT /user/password
2026-01-31 21:09:36 [main] DEBUG o.s.s.w.c.SecurityContextPersistenceFilter - Set SecurityContextHolder to empty SecurityContext
2026-01-31 21:09:36 [main] DEBUG o.s.s.w.a.AnonymousAuthenticationFilter - Set SecurityContextHolder to anonymous SecurityContext
2026-01-31 21:09:36 [main] DEBUG o.s.s.w.a.i.FilterSecurityInterceptor - Failed to authorize filter invocation [PUT /user/password] with attributes [authenticated]
2026-01-31 21:09:36 [main] DEBUG o.s.s.w.a.Http403ForbiddenEntryPoint - Pre-authenticated entry point called. Rejecting access
2026-01-31 21:09:36 [main] DEBUG o.s.s.w.c.SecurityContextPersistenceFilter - Cleared SecurityContextHolder to complete request

MockHttpServletRequest:
      HTTP Method = PUT
      Request URI = /user/password
       Parameters = {}
          Headers = [Content-Type:"application/json;charset=UTF-8", Authorization:"Bearer test-jwt-token", Content-Length:"59"]
             Body = {"oldPassword":"Test123456","newPassword":"NewPassword123"}
    Session Attrs = {}

Handler:
             Type = null

Async:
    Async started = false
     Async result = null

Resolved Exception:
             Type = null

ModelAndView:
        View name = null
             View = null
            Model = null

FlashMap:
       Attributes = null

MockHttpServletResponse:
           Status = 403
    Error message = Access Denied
          Headers = [Vary:"Origin", "Access-Control-Request-Method", "Access-Control-Request-Headers", X-Content-Type-Options:"nosniff", X-XSS-Protection:"1; mode=block", Cache-Control:"no-cache, no-store, max-age=0, must-revalidate", Pragma:"no-cache", Expires:"0", X-Frame-Options:"DENY"]
     Content type = null
             Body = 
    Forwarded URL = null
   Redirected URL = null
          Cookies = []
]]></system-out>
  </testcase>
  <testcase name="testUpdateUserInfo_Success" classname="com.chen.HospitalSelection.controller.UserControllerTest" time="0.397">
    <failure message="Status expected:&lt;200&gt; but was:&lt;403&gt;" type="java.lang.AssertionError"><![CDATA[java.lang.AssertionError: Status expected:<200> but was:<403>
	at com.chen.HospitalSelection.controller.UserControllerTest.testUpdateUserInfo_Success(UserControllerTest.java:166)
]]></failure>
    <system-out><![CDATA[2026-01-31 21:09:36 [main] DEBUG o.s.security.web.FilterChainProxy - Securing PUT /user/info
2026-01-31 21:09:36 [main] DEBUG o.s.s.w.c.SecurityContextPersistenceFilter - Set SecurityContextHolder to empty SecurityContext
2026-01-31 21:09:36 [main] DEBUG o.s.s.w.a.AnonymousAuthenticationFilter - Set SecurityContextHolder to anonymous SecurityContext
2026-01-31 21:09:36 [main] DEBUG o.s.s.w.a.i.FilterSecurityInterceptor - Failed to authorize filter invocation [PUT /user/info] with attributes [authenticated]
2026-01-31 21:09:36 [main] DEBUG o.s.s.w.a.Http403ForbiddenEntryPoint - Pre-authenticated entry point called. Rejecting access
2026-01-31 21:09:36 [main] DEBUG o.s.s.w.c.SecurityContextPersistenceFilter - Cleared SecurityContextHolder to complete request

MockHttpServletRequest:
      HTTP Method = PUT
      Request URI = /user/info
       Parameters = {}
          Headers = [Content-Type:"application/json;charset=UTF-8", Authorization:"Bearer test-jwt-token", Content-Length:"49"]
             Body = {"nickname":"新昵称","avatar":null,"gender":2}
    Session Attrs = {}

Handler:
             Type = null

Async:
    Async started = false
     Async result = null

Resolved Exception:
             Type = null

ModelAndView:
        View name = null
             View = null
            Model = null

FlashMap:
       Attributes = null

MockHttpServletResponse:
           Status = 403
    Error message = Access Denied
          Headers = [Vary:"Origin", "Access-Control-Request-Method", "Access-Control-Request-Headers", X-Content-Type-Options:"nosniff", X-XSS-Protection:"1; mode=block", Cache-Control:"no-cache, no-store, max-age=0, must-revalidate", Pragma:"no-cache", Expires:"0", X-Frame-Options:"DENY"]
     Content type = null
             Body = 
    Forwarded URL = null
   Redirected URL = null
          Cookies = []
]]></system-out>
  </testcase>
  <testcase name="testRegister_Success" classname="com.chen.HospitalSelection.controller.UserControllerTest" time="0.01"/>
  <testcase name="testGetUserInfo_Success" classname="com.chen.HospitalSelection.controller.UserControllerTest" time="0.184">
    <failure message="Status expected:&lt;200&gt; but was:&lt;403&gt;" type="java.lang.AssertionError"><![CDATA[java.lang.AssertionError: Status expected:<200> but was:<403>
	at com.chen.HospitalSelection.controller.UserControllerTest.testGetUserInfo_Success(UserControllerTest.java:185)
]]></failure>
    <system-out><![CDATA[2026-01-31 21:09:36 [main] DEBUG o.s.security.web.FilterChainProxy - Securing GET /user/info
2026-01-31 21:09:36 [main] DEBUG o.s.s.w.c.SecurityContextPersistenceFilter - Set SecurityContextHolder to empty SecurityContext
2026-01-31 21:09:36 [main] DEBUG o.s.s.w.a.AnonymousAuthenticationFilter - Set SecurityContextHolder to anonymous SecurityContext
2026-01-31 21:09:36 [main] DEBUG o.s.s.w.a.i.FilterSecurityInterceptor - Failed to authorize filter invocation [GET /user/info] with attributes [authenticated]
2026-01-31 21:09:36 [main] DEBUG o.s.s.w.a.Http403ForbiddenEntryPoint - Pre-authenticated entry point called. Rejecting access
2026-01-31 21:09:36 [main] DEBUG o.s.s.w.c.SecurityContextPersistenceFilter - Cleared SecurityContextHolder to complete request

MockHttpServletRequest:
      HTTP Method = GET
      Request URI = /user/info
       Parameters = {}
          Headers = [Authorization:"Bearer test-jwt-token"]
             Body = null
    Session Attrs = {}

Handler:
             Type = null

Async:
    Async started = false
     Async result = null

Resolved Exception:
             Type = null

ModelAndView:
        View name = null
             View = null
            Model = null

FlashMap:
       Attributes = null

MockHttpServletResponse:
           Status = 403
    Error message = Access Denied
          Headers = [Vary:"Origin", "Access-Control-Request-Method", "Access-Control-Request-Headers", X-Content-Type-Options:"nosniff", X-XSS-Protection:"1; mode=block", Cache-Control:"no-cache, no-store, max-age=0, must-revalidate", Pragma:"no-cache", Expires:"0", X-Frame-Options:"DENY"]
     Content type = null
             Body = 
    Forwarded URL = null
   Redirected URL = null
          Cookies = []
]]></system-out>
  </testcase>
  <testcase name="testLogout_Success" classname="com.chen.HospitalSelection.controller.UserControllerTest" time="0.082">
    <failure message="Status expected:&lt;200&gt; but was:&lt;403&gt;" type="java.lang.AssertionError"><![CDATA[java.lang.AssertionError: Status expected:<200> but was:<403>
	at com.chen.HospitalSelection.controller.UserControllerTest.testLogout_Success(UserControllerTest.java:128)
]]></failure>
    <system-out><![CDATA[2026-01-31 21:09:36 [main] DEBUG o.s.security.web.FilterChainProxy - Securing POST /user/logout
2026-01-31 21:09:36 [main] DEBUG o.s.s.w.c.SecurityContextPersistenceFilter - Set SecurityContextHolder to empty SecurityContext
2026-01-31 21:09:36 [main] DEBUG o.s.s.w.a.AnonymousAuthenticationFilter - Set SecurityContextHolder to anonymous SecurityContext
2026-01-31 21:09:36 [main] DEBUG o.s.s.w.a.i.FilterSecurityInterceptor - Failed to authorize filter invocation [POST /user/logout] with attributes [authenticated]
2026-01-31 21:09:36 [main] DEBUG o.s.s.w.a.Http403ForbiddenEntryPoint - Pre-authenticated entry point called. Rejecting access
2026-01-31 21:09:36 [main] DEBUG o.s.s.w.c.SecurityContextPersistenceFilter - Cleared SecurityContextHolder to complete request

MockHttpServletRequest:
      HTTP Method = POST
      Request URI = /user/logout
       Parameters = {}
          Headers = []
             Body = null
    Session Attrs = {}

Handler:
             Type = null

Async:
    Async started = false
     Async result = null

Resolved Exception:
             Type = null

ModelAndView:
        View name = null
             View = null
            Model = null

FlashMap:
       Attributes = null

MockHttpServletResponse:
           Status = 403
    Error message = Access Denied
          Headers = [Vary:"Origin", "Access-Control-Request-Method", "Access-Control-Request-Headers", X-Content-Type-Options:"nosniff", X-XSS-Protection:"1; mode=block", Cache-Control:"no-cache, no-store, max-age=0, must-revalidate", Pragma:"no-cache", Expires:"0", X-Frame-Options:"DENY"]
     Content type = null
             Body = 
    Forwarded URL = null
   Redirected URL = null
          Cookies = []
]]></system-out>
  </testcase>
  <testcase name="testRegister_ValidationFailed" classname="com.chen.HospitalSelection.controller.UserControllerTest" time="0.016"/>
</testsuite>